\BOOKMARK [1][-]{section*.1}{American Wire Gauge \(AWG/SLIC\):}{}% 1
\BOOKMARK [2][-]{section*.2}{Definition:}{section*.1}% 2
\BOOKMARK [2][-]{section*.3}{Method:}{section*.1}% 3
\BOOKMARK [3][-]{section*.4}{Example 1:}{section*.3}% 4
\BOOKMARK [3][-]{section*.5}{Answer:}{section*.3}% 5
\BOOKMARK [3][-]{section*.6}{Example 2:}{section*.3}% 6
\BOOKMARK [3][-]{section*.7}{Answer:}{section*.3}% 7
\BOOKMARK [1][-]{section*.8}{Fourier Series}{}% 8
\BOOKMARK [2][-]{section*.9}{Type 1}{section*.8}% 9
\BOOKMARK [2][-]{section*.10}{Type 2}{section*.8}% 10
\BOOKMARK [1][-]{section*.11}{Fourier Transforms}{}% 11
\BOOKMARK [2][-]{section*.12}{Type 1}{section*.11}% 12
\BOOKMARK [1][-]{section*.13}{Finding Voltage Spectral Densities}{}% 13
\BOOKMARK [1][-]{section*.14}{One of the HW Questions}{}% 14
\BOOKMARK [1][-]{section*.15}{Bode Plot}{}% 15
\BOOKMARK [2][-]{section*.16}{Method:}{section*.15}% 16
\BOOKMARK [1][-]{section*.17}{Transfer Function:}{}% 17
\BOOKMARK [1][-]{section*.18}{Convolution}{}% 18
\BOOKMARK [2][-]{section*.19}{Official Steps}{section*.18}% 19
\BOOKMARK [2][-]{section*.20}{Unofficial Idea/Steps}{section*.18}% 20
