\BOOKMARK [1][-]{section*.1}{Decibel Formulas}{}% 1
\BOOKMARK [2][-]{section*.2}{Relative Power Gain}{section*.1}% 2
\BOOKMARK [2][-]{section*.3}{Relative Voltage Gain}{section*.1}% 3
\BOOKMARK [2][-]{section*.4}{Relative Power Gain in dB}{section*.1}% 4
\BOOKMARK [2][-]{section*.5}{Relative Voltage Gain in dB}{section*.1}% 5
\BOOKMARK [3][-]{section*.6}{Special Case}{section*.5}% 6
\BOOKMARK [2][-]{section*.7}{Absolute Power Gain dBm}{section*.1}% 7
\BOOKMARK [2][-]{section*.8}{Absolute Power Gain dBw}{section*.1}% 8
\BOOKMARK [2][-]{section*.9}{Signal-to-Noise Ratio}{section*.1}% 9
\BOOKMARK [2][-]{section*.10}{Impulse Noise}{section*.1}% 10
\BOOKMARK [2][-]{section*.11}{Gaussian \(White\) Noise}{section*.1}% 11
\BOOKMARK [3][-]{section*.12}{Gaussian \(White\) Noise Formulas}{section*.11}% 12
\BOOKMARK [2][-]{section*.13}{Noise Ratio}{section*.1}% 13
\BOOKMARK [2][-]{section*.14}{Reactance Noise Effects}{section*.1}% 14
\BOOKMARK [2][-]{section*.15}{Noise Created by Amplifiers in Cascade}{section*.1}% 15
\BOOKMARK [2][-]{section*.16}{Equivalent Noise Temperature}{section*.1}% 16
\BOOKMARK [2][-]{section*.17}{Equivalent Noise Resistance}{section*.1}% 17
\BOOKMARK [1][-]{section*.18}{Modulation Index}{}% 18
\BOOKMARK [2][-]{section*.19}{Overmodulation}{section*.18}% 19
\BOOKMARK [2][-]{section*.20}{Amplitude Modulation/Mixing in Frequency Domain}{section*.18}% 20
\BOOKMARK [3][-]{section*.21}{Carrier Signal}{section*.20}% 21
\BOOKMARK [3][-]{section*.22}{Information Signal}{section*.20}% 22
\BOOKMARK [3][-]{section*.23}{AM Modulated Waveform}{section*.20}% 23
\BOOKMARK [2][-]{section*.24}{Power Distribution in Carriers and Sidebands}{section*.18}% 24
\BOOKMARK [3][-]{section*.25}{Total Transmitted Power}{section*.24}% 25
\BOOKMARK [3][-]{section*.26}{Total Transmitted Current}{section*.24}% 26
\BOOKMARK [1][-]{section*.27}{Frequency Modulation}{}% 27
\BOOKMARK [2][-]{section*.28}{How FM Generator Works? "The Concept of Deviation"}{section*.27}% 28
\BOOKMARK [2][-]{section*.29}{Quick Facts}{section*.27}% 29
\BOOKMARK [2][-]{section*.30}{Direct FM}{section*.27}% 30
\BOOKMARK [2][-]{section*.31}{Indirect FM}{section*.27}% 31
\BOOKMARK [1][-]{section*.32}{FM IN THE FREQUENCY DOMAIN}{}% 32
\BOOKMARK [2][-]{section*.33}{Modulation Index}{section*.32}% 33
\BOOKMARK [1][-]{section*.34}{FM Spectrum Analyzer}{}% 34
\BOOKMARK [1][-]{section*.35}{Power Distribution}{}% 35
\BOOKMARK [2][-]{section*.36}{Carson's Rule Approximation}{section*.35}% 36
\BOOKMARK [2][-]{section*.37}{Percent of Modulation and Deviation Ratio}{section*.35}% 37
\BOOKMARK [1][-]{section*.38}{Fourier Series}{}% 38
